<?xml version="1.0" encoding="UTF-8"?>
<!-- Generated by org.testng.reporters.JUnitXMLReporter -->
<testsuite hostname="DESKTOP-UOSJI6I" ignored="0" name="Functional Testing" tests="13" failures="2" timestamp="2021-07-15T17:19:43 IST" time="33.4" errors="0">
  <testcase name="titleTest" time="21.22" classname="dummytesting.SoftAssertionEg">
    <failure type="java.lang.AssertionError" message="The following asserts failed:
	expected [Online Shoppings site in India: Shop Online for Mobiles, Books, Watches, Shoes and More - Amazon.in] but found [Online Shopping site in India: Shop Online for Mobiles, Books, Watches, Shoes and More - Amazon.in]">
      <![CDATA[java.lang.AssertionError: The following asserts failed:
expected [Online Shoppings site in India: Shop Online for Mobiles, Books, Watches, Shoes and More - Amazon.in] but found [Online Shopping site in India: Shop Online for Mobiles, Books, Watches, Shoes and More - Amazon.in]
at dummytesting.SoftAssertionEg.titleTest(SoftAssertionEg.java:34)
at java.util.ArrayList.forEach(Unknown Source)
... Removed 29 stack frames]]>
    </failure>
  </testcase> <!-- titleTest -->
  <testcase name="cTest" time="0.003" classname="dummytesting.GroupDemoTest"/>
  <testcase name="dTest" time="0.002" classname="dummytesting.GroupDemoTest"/>
  <testcase name="aTest" time="0.002" classname="dummytesting.GroupDemoTest"/>
  <testcase name="bTest" time="0.002" classname="dummytesting.GroupDemoTest"/>
  <testcase name="test2" time="0.002" classname="dummytesting.PriorityTest"/>
  <testcase name="test3" time="0.002" classname="dummytesting.PriorityTest"/>
  <testcase name="test1" time="0.002" classname="dummytesting.PriorityTest"/>
  <testcase name="Test1" time="0.002" classname="dummytesting.BeforeTestBeforeMethodEg"/>
  <testcase name="Test2" time="0.002" classname="dummytesting.BeforeTestBeforeMethodEg"/>
  <testcase name="titleTest" time="12.053" classname="dummytesting.AssertionEg">
    <failure type="java.lang.AssertionError" message="expected [Online Shoppings site in India: Shop Online for Mobiles, Books, Watches, Shoes and More - Amazon.in] but found [Online Shopping site in India: Shop Online for Mobiles, Books, Watches, Shoes and More - Amazon.in]">
      <![CDATA[java.lang.AssertionError: expected [Online Shoppings site in India: Shop Online for Mobiles, Books, Watches, Shoes and More - Amazon.in] but found [Online Shopping site in India: Shop Online for Mobiles, Books, Watches, Shoes and More - Amazon.in]
at dummytesting.AssertionEg.titleTest(AssertionEg.java:17)
at java.util.ArrayList.forEach(Unknown Source)
... Removed 33 stack frames]]>
    </failure>
  </testcase> <!-- titleTest -->
  <testcase name="loginTest" time="0.002" classname="dummytesting.LoginTest"/>
  <testcase name="logoutTest" time="0.001" classname="dummytesting.LoginTest"/>
</testsuite> <!-- Functional Testing -->
