<?xml version="1.0" encoding="UTF-8"?>
<!-- Generated by org.testng.reporters.JUnitReportReporter -->
<testsuite skipped="1" hostname="DESKTOP-UOSJI6I" name="dummytesting.ListenerDemoTestWithRetry" tests="2" failures="0" timestamp="2021-12-30T11:16:02 IST" time="2.286" errors="1">
  <testcase name="launchBrowser" time="2.286" classname="dummytesting.ListenerDemoTestWithRetry">
    <error type="org.openqa.selenium.SessionNotCreatedException" message="session not created: This version of ChromeDriver only supports Chrome version 91
Current browser version is 96.0.4664.110 with binary path C:\Program Files (x86)\Google\Chrome\Application\chrome.exe
Build info: version: &#039;3.141.59&#039;, revision: &#039;e82be7d358&#039;, time: &#039;2018-11-14T08:25:53&#039;
System info: host: &#039;DESKTOP-UOSJI6I&#039;, ip: &#039;192.168.1.5&#039;, os.name: &#039;Windows 10&#039;, os.arch: &#039;amd64&#039;, os.version: &#039;10.0&#039;, java.version: &#039;1.8.0_281&#039;
Driver info: driver.version: ChromeDriver
remote stacktrace: Backtrace:
	Ordinal0 [0x00623733+2504499]
	Ordinal0 [0x005BC401+2081793]
	Ordinal0 [0x004C2628+1058344]
	Ordinal0 [0x004E071A+1181466]
	Ordinal0 [0x004DC58C+1164684]
	Ordinal0 [0x004D9DC3+1154499]
	Ordinal0 [0x00509B82+1350530]
	Ordinal0 [0x005097DA+1349594]
	Ordinal0 [0x00505D4B+1334603]
	Ordinal0 [0x004E22B4+1188532]
	Ordinal0 [0x004E3149+1192265]
	GetHandleVerifier [0x0079FB8C+1512252]
	GetHandleVerifier [0x0084B0DF+2214031]
	GetHandleVerifier [0x006A4BC3+484211]
	GetHandleVerifier [0x006A3E69+480793]
	Ordinal0 [0x005C218D+2105741]
	Ordinal0 [0x005C66E8+2123496]
	Ordinal0 [0x005C6827+2123815]
	Ordinal0 [0x005CFB73+2161523]
	BaseThreadInitThunk [0x7612FA29+25]
	RtlGetAppContainerNamedObjectPath [0x773D7A9E+286]
	RtlGetAppContainerNamedObjectPath [0x773D7A6E+238]
">
      <![CDATA[org.openqa.selenium.SessionNotCreatedException: session not created: This version of ChromeDriver only supports Chrome version 91
Current browser version is 96.0.4664.110 with binary path C:\Program Files (x86)\Google\Chrome\Application\chrome.exe
Build info: version: '3.141.59', revision: 'e82be7d358', time: '2018-11-14T08:25:53'
System info: host: 'DESKTOP-UOSJI6I', ip: '192.168.1.5', os.name: 'Windows 10', os.arch: 'amd64', os.version: '10.0', java.version: '1.8.0_281'
Driver info: driver.version: ChromeDriver
remote stacktrace: Backtrace:
Ordinal0 [0x00623733+2504499]
Ordinal0 [0x005BC401+2081793]
Ordinal0 [0x004C2628+1058344]
Ordinal0 [0x004E071A+1181466]
Ordinal0 [0x004DC58C+1164684]
Ordinal0 [0x004D9DC3+1154499]
Ordinal0 [0x00509B82+1350530]
Ordinal0 [0x005097DA+1349594]
Ordinal0 [0x00505D4B+1334603]
Ordinal0 [0x004E22B4+1188532]
Ordinal0 [0x004E3149+1192265]
GetHandleVerifier [0x0079FB8C+1512252]
GetHandleVerifier [0x0084B0DF+2214031]
GetHandleVerifier [0x006A4BC3+484211]
GetHandleVerifier [0x006A3E69+480793]
Ordinal0 [0x005C218D+2105741]
Ordinal0 [0x005C66E8+2123496]
Ordinal0 [0x005C6827+2123815]
Ordinal0 [0x005CFB73+2161523]
BaseThreadInitThunk [0x7612FA29+25]
RtlGetAppContainerNamedObjectPath [0x773D7A9E+286]
RtlGetAppContainerNamedObjectPath [0x773D7A6E+238]

at sun.reflect.NativeConstructorAccessorImpl.newInstance0(Native Method)
at sun.reflect.NativeConstructorAccessorImpl.newInstance(Unknown Source)
at sun.reflect.DelegatingConstructorAccessorImpl.newInstance(Unknown Source)
at java.lang.reflect.Constructor.newInstance(Unknown Source)
at org.openqa.selenium.remote.W3CHandshakeResponse.lambda$errorHandler$0(W3CHandshakeResponse.java:62)
at org.openqa.selenium.remote.HandshakeResponse.lambda$getResponseFunction$0(HandshakeResponse.java:30)
at org.openqa.selenium.remote.ProtocolHandshake.lambda$createSession$0(ProtocolHandshake.java:126)
at java.util.stream.ReferencePipeline$3$1.accept(Unknown Source)
at java.util.Spliterators$ArraySpliterator.tryAdvance(Unknown Source)
at java.util.stream.ReferencePipeline.forEachWithCancel(Unknown Source)
at java.util.stream.AbstractPipeline.copyIntoWithCancel(Unknown Source)
at java.util.stream.AbstractPipeline.copyInto(Unknown Source)
at java.util.stream.AbstractPipeline.wrapAndCopyInto(Unknown Source)
at java.util.stream.FindOps$FindOp.evaluateSequential(Unknown Source)
at java.util.stream.AbstractPipeline.evaluate(Unknown Source)
at java.util.stream.ReferencePipeline.findFirst(Unknown Source)
at org.openqa.selenium.remote.ProtocolHandshake.createSession(ProtocolHandshake.java:128)
at org.openqa.selenium.remote.ProtocolHandshake.createSession(ProtocolHandshake.java:74)
at org.openqa.selenium.remote.HttpCommandExecutor.execute(HttpCommandExecutor.java:136)
at org.openqa.selenium.remote.service.DriverCommandExecutor.execute(DriverCommandExecutor.java:83)
at org.openqa.selenium.remote.RemoteWebDriver.execute(RemoteWebDriver.java:552)
at org.openqa.selenium.remote.RemoteWebDriver.startSession(RemoteWebDriver.java:213)
at org.openqa.selenium.remote.RemoteWebDriver.<init>(RemoteWebDriver.java:131)
at org.openqa.selenium.chrome.ChromeDriver.<init>(ChromeDriver.java:181)
at org.openqa.selenium.chrome.ChromeDriver.<init>(ChromeDriver.java:168)
at org.openqa.selenium.chrome.ChromeDriver.<init>(ChromeDriver.java:123)
at dummytesting.BaseTestforListener.launchBrowser(BaseTestforListener.java:15)
at sun.reflect.NativeMethodAccessorImpl.invoke0(Native Method)
at sun.reflect.NativeMethodAccessorImpl.invoke(Unknown Source)
at sun.reflect.DelegatingMethodAccessorImpl.invoke(Unknown Source)
at java.lang.reflect.Method.invoke(Unknown Source)
at org.testng.internal.MethodInvocationHelper.invokeMethod(MethodInvocationHelper.java:133)
at org.testng.internal.MethodInvocationHelper.invokeMethodConsideringTimeout(MethodInvocationHelper.java:62)
at org.testng.internal.ConfigInvoker.invokeConfigurationMethod(ConfigInvoker.java:385)
at org.testng.internal.ConfigInvoker.invokeConfigurations(ConfigInvoker.java:321)
at org.testng.SuiteRunner.privateRun(SuiteRunner.java:317)
at org.testng.SuiteRunner.run(SuiteRunner.java:276)
at org.testng.SuiteRunnerWorker.runSuite(SuiteRunnerWorker.java:53)
at org.testng.SuiteRunnerWorker.run(SuiteRunnerWorker.java:96)
at org.testng.TestNG.runSuitesSequentially(TestNG.java:1212)
at org.testng.TestNG.runSuitesLocally(TestNG.java:1134)
at org.testng.TestNG.runSuites(TestNG.java:1063)
at org.testng.TestNG.run(TestNG.java:1031)
at org.testng.remote.AbstractRemoteTestNG.run(AbstractRemoteTestNG.java:115)
at org.testng.remote.RemoteTestNG.initAndRun(RemoteTestNG.java:251)
at org.testng.remote.RemoteTestNG.main(RemoteTestNG.java:77)
]]>
    </error>
  </testcase> <!-- launchBrowser -->
  <system-out/>
  <testcase name="lauchApp" time="0.000" classname="dummytesting.ListenerDemoTestWithRetry">
    <skipped/>
  </testcase> <!-- lauchApp -->
  <system-out/>
</testsuite> <!-- dummytesting.ListenerDemoTestWithRetry -->
